{"/home/trongdat/Documents/kafka/order_service/src/repository/cart.repository.ts": {"path":"/home/trongdat/Documents/kafka/order_service/src/repository/cart.repository.ts","all":false,"statementMap":{"0":{"start":{"line":1,"column":0},"end":{"line":1,"column":62}},"1":{"start":{"line":2,"column":0},"end":{"line":2,"column":0}},"2":{"start":{"line":3,"column":0},"end":{"line":3,"column":0}},"3":{"start":{"line":4,"column":0},"end":{"line":4,"column":53}},"4":{"start":{"line":5,"column":0},"end":{"line":5,"column":19}},"5":{"start":{"line":6,"column":0},"end":{"line":6,"column":27}},"6":{"start":{"line":7,"column":0},"end":{"line":7,"column":28}},"7":{"start":{"line":8,"column":0},"end":{"line":8,"column":39}},"8":{"start":{"line":9,"column":0},"end":{"line":9,"column":13}},"9":{"start":{"line":10,"column":0},"end":{"line":10,"column":6}},"10":{"start":{"line":11,"column":0},"end":{"line":11,"column":1}},"11":{"start":{"line":12,"column":0},"end":{"line":12,"column":51}},"12":{"start":{"line":13,"column":0},"end":{"line":13,"column":30}},"13":{"start":{"line":14,"column":0},"end":{"line":14,"column":1}},"14":{"start":{"line":15,"column":0},"end":{"line":15,"column":53}},"15":{"start":{"line":16,"column":0},"end":{"line":16,"column":30}},"16":{"start":{"line":17,"column":0},"end":{"line":17,"column":1}},"17":{"start":{"line":18,"column":0},"end":{"line":18,"column":53}},"18":{"start":{"line":19,"column":0},"end":{"line":19,"column":30}},"19":{"start":{"line":20,"column":0},"end":{"line":20,"column":1}},"20":{"start":{"line":21,"column":0},"end":{"line":21,"column":51}},"21":{"start":{"line":22,"column":0},"end":{"line":22,"column":24}},"22":{"start":{"line":23,"column":0},"end":{"line":23,"column":19}},"23":{"start":{"line":24,"column":0},"end":{"line":24,"column":23}},"24":{"start":{"line":25,"column":0},"end":{"line":25,"column":22}},"25":{"start":{"line":26,"column":0},"end":{"line":26,"column":1}}},"s":{"0":1,"1":1,"2":1,"3":1,"4":0,"5":0,"6":0,"7":0,"8":0,"9":0,"10":0,"11":1,"12":0,"13":0,"14":1,"15":0,"16":0,"17":1,"18":0,"19":0,"20":1,"21":1,"22":1,"23":1,"24":1,"25":1},"branchMap":{},"b":{},"fnMap":{"0":{"name":"createCart","decl":{"start":{"line":4,"column":19},"end":{"line":11,"column":1}},"loc":{"start":{"line":4,"column":19},"end":{"line":11,"column":1}},"line":4},"1":{"name":"findCart","decl":{"start":{"line":12,"column":17},"end":{"line":14,"column":1}},"loc":{"start":{"line":12,"column":17},"end":{"line":14,"column":1}},"line":12},"2":{"name":"updateCart","decl":{"start":{"line":15,"column":19},"end":{"line":17,"column":1}},"loc":{"start":{"line":15,"column":19},"end":{"line":17,"column":1}},"line":15},"3":{"name":"deleteCart","decl":{"start":{"line":18,"column":19},"end":{"line":20,"column":1}},"loc":{"start":{"line":18,"column":19},"end":{"line":20,"column":1}},"line":18}},"f":{"0":0,"1":0,"2":0,"3":0}}
,"/home/trongdat/Documents/kafka/order_service/src/repository/index.ts": {"path":"/home/trongdat/Documents/kafka/order_service/src/repository/index.ts","all":false,"statementMap":{"0":{"start":{"line":1,"column":0},"end":{"line":1,"column":51}},"1":{"start":{"line":2,"column":0},"end":{"line":2,"column":56}},"2":{"start":{"line":3,"column":0},"end":{"line":3,"column":0}},"3":{"start":{"line":4,"column":0},"end":{"line":4,"column":8}},"4":{"start":{"line":5,"column":0},"end":{"line":5,"column":19}},"5":{"start":{"line":6,"column":0},"end":{"line":6,"column":23}},"6":{"start":{"line":7,"column":0},"end":{"line":7,"column":1}}},"s":{"0":1,"1":1,"2":1,"3":1,"4":1,"5":1,"6":1},"branchMap":{},"b":{},"fnMap":{},"f":{}}
,"/home/trongdat/Documents/kafka/order_service/src/service/cart.service.ts": {"path":"/home/trongdat/Documents/kafka/order_service/src/service/cart.service.ts","all":false,"statementMap":{"0":{"start":{"line":1,"column":0},"end":{"line":1,"column":61}},"1":{"start":{"line":2,"column":0},"end":{"line":2,"column":0}},"2":{"start":{"line":3,"column":0},"end":{"line":3,"column":70}},"3":{"start":{"line":4,"column":0},"end":{"line":4,"column":41}},"4":{"start":{"line":5,"column":0},"end":{"line":5,"column":15}},"5":{"start":{"line":6,"column":0},"end":{"line":6,"column":1}},"6":{"start":{"line":7,"column":0},"end":{"line":7,"column":0}},"7":{"start":{"line":8,"column":0},"end":{"line":8,"column":67}},"8":{"start":{"line":9,"column":0},"end":{"line":9,"column":39}},"9":{"start":{"line":10,"column":0},"end":{"line":10,"column":15}},"10":{"start":{"line":11,"column":0},"end":{"line":11,"column":1}},"11":{"start":{"line":12,"column":0},"end":{"line":12,"column":0}},"12":{"start":{"line":13,"column":0},"end":{"line":13,"column":68}},"13":{"start":{"line":14,"column":0},"end":{"line":14,"column":41}},"14":{"start":{"line":15,"column":0},"end":{"line":15,"column":15}},"15":{"start":{"line":16,"column":0},"end":{"line":16,"column":1}},"16":{"start":{"line":17,"column":0},"end":{"line":17,"column":0}},"17":{"start":{"line":18,"column":0},"end":{"line":18,"column":70}},"18":{"start":{"line":19,"column":0},"end":{"line":19,"column":41}},"19":{"start":{"line":20,"column":0},"end":{"line":20,"column":15}},"20":{"start":{"line":21,"column":0},"end":{"line":21,"column":1}}},"s":{"0":1,"1":1,"2":1,"3":1,"4":1,"5":1,"6":1,"7":1,"8":0,"9":0,"10":0,"11":1,"12":1,"13":0,"14":0,"15":0,"16":1,"17":1,"18":0,"19":0,"20":0},"branchMap":{"0":{"type":"branch","line":3,"loc":{"start":{"line":3,"column":26},"end":{"line":6,"column":1}},"locations":[{"start":{"line":3,"column":26},"end":{"line":6,"column":1}}]},"1":{"type":"branch","line":3,"loc":{"start":{"line":3,"column":69},"end":{"line":6,"column":1}},"locations":[{"start":{"line":3,"column":69},"end":{"line":6,"column":1}}]}},"b":{"0":[1],"1":[1]},"fnMap":{"0":{"name":"CreateCart","decl":{"start":{"line":3,"column":26},"end":{"line":6,"column":1}},"loc":{"start":{"line":3,"column":26},"end":{"line":6,"column":1}},"line":3},"1":{"name":"GetCart","decl":{"start":{"line":8,"column":23},"end":{"line":11,"column":1}},"loc":{"start":{"line":8,"column":23},"end":{"line":11,"column":1}},"line":8},"2":{"name":"EditCart","decl":{"start":{"line":13,"column":24},"end":{"line":16,"column":1}},"loc":{"start":{"line":13,"column":24},"end":{"line":16,"column":1}},"line":13},"3":{"name":"DeleteCart","decl":{"start":{"line":18,"column":26},"end":{"line":21,"column":1}},"loc":{"start":{"line":18,"column":26},"end":{"line":21,"column":1}},"line":18}},"f":{"0":1,"1":0,"2":0,"3":0}}
,"/home/trongdat/Documents/kafka/order_service/src/service/index.ts": {"path":"/home/trongdat/Documents/kafka/order_service/src/service/index.ts","all":false,"statementMap":{"0":{"start":{"line":1,"column":0},"end":{"line":1,"column":45}},"1":{"start":{"line":2,"column":0},"end":{"line":2,"column":47}},"2":{"start":{"line":3,"column":0},"end":{"line":3,"column":0}},"3":{"start":{"line":4,"column":0},"end":{"line":4,"column":8}},"4":{"start":{"line":5,"column":0},"end":{"line":5,"column":16}},"5":{"start":{"line":6,"column":0},"end":{"line":6,"column":17}},"6":{"start":{"line":7,"column":0},"end":{"line":7,"column":1}}},"s":{"0":1,"1":1,"2":1,"3":1,"4":1,"5":1,"6":1},"branchMap":{},"b":{},"fnMap":{},"f":{}}
,"/home/trongdat/Documents/kafka/order_service/src/service/order.service.ts": {"path":"/home/trongdat/Documents/kafka/order_service/src/service/order.service.ts","all":false,"statementMap":{"0":{"start":{"line":1,"column":0},"end":{"line":1,"column":47}},"1":{"start":{"line":2,"column":0},"end":{"line":2,"column":12}},"2":{"start":{"line":3,"column":0},"end":{"line":3,"column":43}},"3":{"start":{"line":4,"column":0},"end":{"line":4,"column":5}},"4":{"start":{"line":5,"column":0},"end":{"line":5,"column":1}},"5":{"start":{"line":6,"column":0},"end":{"line":6,"column":0}},"6":{"start":{"line":7,"column":0},"end":{"line":7,"column":44}},"7":{"start":{"line":8,"column":0},"end":{"line":8,"column":12}},"8":{"start":{"line":9,"column":0},"end":{"line":9,"column":40}},"9":{"start":{"line":10,"column":0},"end":{"line":10,"column":5}},"10":{"start":{"line":11,"column":0},"end":{"line":11,"column":1}},"11":{"start":{"line":12,"column":0},"end":{"line":12,"column":0}},"12":{"start":{"line":13,"column":0},"end":{"line":13,"column":45}},"13":{"start":{"line":14,"column":0},"end":{"line":14,"column":12}},"14":{"start":{"line":15,"column":0},"end":{"line":15,"column":41}},"15":{"start":{"line":16,"column":0},"end":{"line":16,"column":5}},"16":{"start":{"line":17,"column":0},"end":{"line":17,"column":1}},"17":{"start":{"line":18,"column":0},"end":{"line":18,"column":0}},"18":{"start":{"line":19,"column":0},"end":{"line":19,"column":47}},"19":{"start":{"line":20,"column":0},"end":{"line":20,"column":12}},"20":{"start":{"line":21,"column":0},"end":{"line":21,"column":43}},"21":{"start":{"line":22,"column":0},"end":{"line":22,"column":5}},"22":{"start":{"line":23,"column":0},"end":{"line":23,"column":1}}},"s":{"0":1,"1":0,"2":0,"3":0,"4":0,"5":1,"6":1,"7":0,"8":0,"9":0,"10":0,"11":1,"12":1,"13":0,"14":0,"15":0,"16":0,"17":1,"18":1,"19":0,"20":0,"21":0,"22":0},"branchMap":{},"b":{},"fnMap":{"0":{"name":"CreateOrder","decl":{"start":{"line":1,"column":27},"end":{"line":5,"column":1}},"loc":{"start":{"line":1,"column":27},"end":{"line":5,"column":1}},"line":1},"1":{"name":"GetOrder","decl":{"start":{"line":7,"column":24},"end":{"line":11,"column":1}},"loc":{"start":{"line":7,"column":24},"end":{"line":11,"column":1}},"line":7},"2":{"name":"EditOrder","decl":{"start":{"line":13,"column":25},"end":{"line":17,"column":1}},"loc":{"start":{"line":13,"column":25},"end":{"line":17,"column":1}},"line":13},"3":{"name":"DeleteOrder","decl":{"start":{"line":19,"column":27},"end":{"line":23,"column":1}},"loc":{"start":{"line":19,"column":27},"end":{"line":23,"column":1}},"line":19}},"f":{"0":0,"1":0,"2":0,"3":0}}
}
